[35m[Appium][39m Welcome to Appium v1.22.3
[35m[Appium][39m Non-default server args:
[35m[Appium][39m   port: 64668
[35m[Appium][39m   loglevel: info
[35m[Appium][39m   tmpDir: C:\Users\ASUS\AppData\Local\Temp\\Katalon\Appium\Temp1706777344661
[35m[Appium][39m   chromedriverPort: 64669
[35m[Appium][39m Deprecated server args:
[35m[Appium][39m   [31m--chromedriver-port[39m => --default-capabilities
[35m[Appium][39m Default capabilities, which will be added to each request unless overridden by desired capabilities:
[35m[Appium][39m   chromedriverPort: 64669
[35m[Appium][39m Appium REST http interface listener started on 0.0.0.0:64668
[35m[HTTP][39m [37m-->[39m [37mGET[39m [37m/wd/hub/status[39m
[35m[HTTP][39m [90m{}[39m
[35m[HTTP][39m [37m<-- GET /wd/hub/status [39m[32m200[39m [90m13 ms - 68[39m
[35m[HTTP][39m [90m[39m
[35m[HTTP][39m [37m-->[39m [37mGET[39m [37m/wd/hub/status[39m
[35m[HTTP][39m [90m{}[39m
[35m[HTTP][39m [37m<-- GET /wd/hub/status [39m[32m200[39m [90m4 ms - 68[39m
[35m[HTTP][39m [90m[39m
[35m[HTTP][39m [37m-->[39m [37mPOST[39m [37m/wd/hub/session[39m
[35m[HTTP][39m [90m{"desiredCapabilities":{"app":"C:\\Users\\ASUS\\Katalon Studio\\EduApp\\mobileapp\\Calculator_v8.1.apk","noReset":true,"deviceName":"emulator-5554 (sdk_gphone64_x86_64 - Android 14)","fullReset":false,"platform":"ANDROID","newCommandTimeout":1800,"platformVersion":"14","automationName":"uiautomator2","autoGrantPermissions":true,"platformName":"Android","udid":"emulator-5554","systemPort":64686},"capabilities":{"firstMatch":[{"appium:app":"C:\\Users\\ASUS\\Katalon Studio\\EduApp\\mobileapp\\Calculator_v8.1.apk","appium:autoGrantPermissions":true,"appium:automationName":"uiautomator2","appium:deviceName":"emulator-5554 (sdk_gphone64_x86_64 - Android 14)","appium:fullReset":false,"appium:newCommandTimeout":1800,"appium:noReset":true,"platform":"ANDROID","platformName":"android","appium:platformVersion":"14","appium:systemPort":64686,"appium:udid":"emulator-5554"}]}}[39m
[35m[BaseDriver][39m The following capabilities are not standard capabilities and should have an extension prefix:
[35m[BaseDriver][39m   platform
[35m[BaseDriver][39m   chromedriverPort
[35m[Appium][39m Appium v1.22.3 creating new AndroidUiautomator2Driver (v1.70.1) session
[35m[BaseDriver][39m The following capabilities were provided, but are not recognized by Appium:
[35m[BaseDriver][39m   platform
[35m[BaseDriver][39m Session created with session id: d28639df-8455-4f73-a2ea-ac7bcf5b8307
[35m[BaseDriver][39m Using local app 'C:\Users\ASUS\Katalon Studio\EduApp\mobileapp\Calculator_v8.1.apk'
[35m[ADB][39m Found 1 'build-tools' folders under 'C:\Users\ASUS\AppData\Local\Android\Sdk' (newest first):
[35m[ADB][39m     C:/Users/ASUS/AppData/Local/Android/Sdk/build-tools/34.0.0
[35m[ADB][39m Using 'adb.exe' from 'C:\Users\ASUS\AppData\Local\Android\Sdk\platform-tools\adb.exe'
[35m[AndroidDriver][39m Retrieving device list
[35m[AndroidDriver][39m Using device: emulator-5554
[35m[ADB][39m Using 'adb.exe' from 'C:\Users\ASUS\AppData\Local\Android\Sdk\platform-tools\adb.exe'
[35m[ADB][39m Getting device platform version
[35m[UiAutomator2][39m Relaxing hidden api policy
[35m[ADB][39m Package name: 'com.google.android.calculator'
[35m[ADB][39m Main activity name: 'com.android.calculator2.Calculator'
[35m[ADB][39m Using 'apksigner.jar' from 'C:\Users\ASUS\AppData\Local\Android\Sdk\build-tools\34.0.0\lib\apksigner.jar'
[35m[ADB][39m 'C:\Users\ASUS\AppData\Roaming\npm\node_modules\appium\node_modules\appium-uiautomator2-server\apks\appium-uiautomator2-server-v4.27.0.apk' is signed with the default certificate
[35m[ADB][39m 'C:\Users\ASUS\AppData\Roaming\npm\node_modules\appium\node_modules\appium-uiautomator2-server\apks\appium-uiautomator2-server-debug-androidTest.apk' is signed with the default certificate
[35m[UiAutomator2][39m Server packages are not going to be (re)installed
[35m[ADB][39m Adding packages ["io.appium.settings","io.appium.uiautomator2.server","io.appium.uiautomator2.server.test"] to Doze whitelist
[35m[ADB][39m 'C:\Users\ASUS\Katalon Studio\EduApp\mobileapp\Calculator_v8.1.apk' is signed with a non-default certificate
[35m[ADB][39m The application at 'C:\Users\ASUS\Katalon Studio\EduApp\mobileapp\Calculator_v8.1.apk' will not be cached, because the device under test has confirmed the support of streamed installs
[35m[ADB][39m The installation of 'Calculator_v8.1.apk' took 5434ms
[35m[UiAutomator2][39m Starting UIAutomator2 server 4.27.0
[35m[UiAutomator2][39m Using UIAutomator2 server from 'C:\Users\ASUS\AppData\Roaming\npm\node_modules\appium\node_modules\appium-uiautomator2-server\apks\appium-uiautomator2-server-v4.27.0.apk' and test from 'C:\Users\ASUS\AppData\Roaming\npm\node_modules\appium\node_modules\appium-uiautomator2-server\apks\appium-uiautomator2-server-debug-androidTest.apk'
[35m[UiAutomator2][39m Waiting up to 30000ms for UiAutomator2 to be online...
[35m[WD Proxy][39m socket hang up
[35m[WD Proxy][39m socket hang up
[35m[WD Proxy][39m socket hang up
[35m[WD Proxy][39m socket hang up
[35m[WD Proxy][39m socket hang up
[35m[WD Proxy][39m socket hang up
[35m[WD Proxy][39m socket hang up
[35m[WD Proxy][39m socket hang up
[35m[WD Proxy][39m socket hang up
[35m[WD Proxy][39m socket hang up
[35m[WD Proxy][39m socket hang up
[35m[WD Proxy][39m socket hang up
[35m[WD Proxy][39m socket hang up
[35m[WD Proxy][39m socket hang up
[35m[WD Proxy][39m socket hang up
[35m[WD Proxy][39m socket hang up
[35m[WD Proxy][39m socket hang up
[35m[WD Proxy][39m socket hang up
[35m[WD Proxy][39m socket hang up
[35m[WD Proxy][39m Determined the downstream protocol as 'W3C'
[35m[AndroidDriver][39m Screen already unlocked, doing nothing
[35m[UiAutomator2][39m Starting 'com.google.android.calculator/com.android.calculator2.Calculator and waiting for 'com.google.android.calculator/com.android.calculator2.Calculator'
[35m[Appium][39m New AndroidUiautomator2Driver session created successfully, session d28639df-8455-4f73-a2ea-ac7bcf5b8307 added to master session list
[35m[HTTP][39m [37m<-- POST /wd/hub/session [39m[32m200[39m [90m66120 ms - 1345[39m
[35m[HTTP][39m [90m[39m
[35m[HTTP][39m [37m-->[39m [37mGET[39m [37m/wd/hub/session/d28639df-8455-4f73-a2ea-ac7bcf5b8307[39m
[35m[HTTP][39m [90m{}[39m
[35m[HTTP][39m [37m<-- GET /wd/hub/session/d28639df-8455-4f73-a2ea-ac7bcf5b8307 [39m[32m200[39m [90m474 ms - 1299[39m
[35m[HTTP][39m [90m[39m
[35m[HTTP][39m [37m-->[39m [37mGET[39m [37m/wd/hub/session/d28639df-8455-4f73-a2ea-ac7bcf5b8307[39m
[35m[HTTP][39m [90m{}[39m
[35m[HTTP][39m [37m<-- GET /wd/hub/session/d28639df-8455-4f73-a2ea-ac7bcf5b8307 [39m[32m200[39m [90m128 ms - 1299[39m
[35m[HTTP][39m [90m[39m
[35m[HTTP][39m [37m-->[39m [37mGET[39m [37m/wd/hub/status[39m
[35m[HTTP][39m [90m{}[39m
[35m[HTTP][39m [37m<-- GET /wd/hub/status [39m[32m200[39m [90m2 ms - 68[39m
[35m[HTTP][39m [90m[39m
[35m[HTTP][39m [37m-->[39m [37mPOST[39m [37m/wd/hub/session/d28639df-8455-4f73-a2ea-ac7bcf5b8307/timeouts[39m
[35m[HTTP][39m [90m{"implicit":60000}[39m
[35m[HTTP][39m [37m<-- POST /wd/hub/session/d28639df-8455-4f73-a2ea-ac7bcf5b8307/timeouts [39m[32m200[39m [90m10 ms - 14[39m
[35m[HTTP][39m [90m[39m
[35m[HTTP][39m [37m-->[39m [37mGET[39m [37m/wd/hub/session/d28639df-8455-4f73-a2ea-ac7bcf5b8307/source[39m
[35m[HTTP][39m [90m{}[39m
[35m[W3C (d28639df)][39m Driver proxy active, passing request on via HTTP proxy
[35m[WD Proxy][39m Replacing sessionId 8233f3ec-7d15-40dd-904e-9d81858a2695 with d28639df-8455-4f73-a2ea-ac7bcf5b8307
[35m[HTTP][39m [37m<-- GET /wd/hub/session/d28639df-8455-4f73-a2ea-ac7bcf5b8307/source [39m[32m200[39m [90m6780 ms - 19696[39m
[35m[HTTP][39m [90m[39m
[35m[HTTP][39m [37m-->[39m [37mGET[39m [37m/wd/hub/session/d28639df-8455-4f73-a2ea-ac7bcf5b8307/screenshot[39m
[35m[HTTP][39m [90m{}[39m
[35m[HTTP][39m [37m<-- GET /wd/hub/session/d28639df-8455-4f73-a2ea-ac7bcf5b8307/screenshot [39m[32m200[39m [90m5490 ms - 147302[39m
[35m[HTTP][39m [90m[39m
[35m[HTTP][39m [37m-->[39m [37mPOST[39m [37m/wd/hub/session/d28639df-8455-4f73-a2ea-ac7bcf5b8307/elements[39m
[35m[HTTP][39m [90m{"using":"xpath","value":"//*[@class = 'android.widget.Button' and (@text = '7' or . = '7') and @resource-id = 'com.google.android.calculator:id/digit_7']"}[39m
[35m[HTTP][39m [37m<-- POST /wd/hub/session/d28639df-8455-4f73-a2ea-ac7bcf5b8307/elements [39m[32m200[39m [90m5970 ms - 139[39m
[35m[HTTP][39m [90m[39m
[35m[HTTP][39m [37m-->[39m [37mGET[39m [37m/wd/hub/session/d28639df-8455-4f73-a2ea-ac7bcf5b8307/source[39m
[35m[HTTP][39m [90m{}[39m
[35m[W3C (d28639df)][39m Driver proxy active, passing request on via HTTP proxy
[35m[WD Proxy][39m Replacing sessionId 8233f3ec-7d15-40dd-904e-9d81858a2695 with d28639df-8455-4f73-a2ea-ac7bcf5b8307
[35m[HTTP][39m [37m<-- GET /wd/hub/session/d28639df-8455-4f73-a2ea-ac7bcf5b8307/source [39m[32m200[39m [90m1507 ms - 19669[39m
[35m[HTTP][39m [90m[39m
[35m[HTTP][39m [37m-->[39m [37mGET[39m [37m/wd/hub/session/d28639df-8455-4f73-a2ea-ac7bcf5b8307/screenshot[39m
[35m[HTTP][39m [90m{}[39m
[35m[HTTP][39m [37m<-- GET /wd/hub/session/d28639df-8455-4f73-a2ea-ac7bcf5b8307/screenshot [39m[32m200[39m [90m3781 ms - 151214[39m
[35m[HTTP][39m [90m[39m
[35m[HTTP][39m [37m-->[39m [37mPOST[39m [37m/wd/hub/session/d28639df-8455-4f73-a2ea-ac7bcf5b8307/elements[39m
[35m[HTTP][39m [90m{"using":"xpath","value":"//*[@class = 'android.widget.Button' and (@text = '0' or . = '0') and @resource-id = 'com.google.android.calculator:id/digit_0']"}[39m
[35m[HTTP][39m [37m<-- POST /wd/hub/session/d28639df-8455-4f73-a2ea-ac7bcf5b8307/elements [39m[32m200[39m [90m1761 ms - 139[39m
[35m[HTTP][39m [90m[39m
[35m[HTTP][39m [37m-->[39m [37mGET[39m [37m/wd/hub/session/d28639df-8455-4f73-a2ea-ac7bcf5b8307/source[39m
[35m[HTTP][39m [90m{}[39m
[35m[W3C (d28639df)][39m Driver proxy active, passing request on via HTTP proxy
[35m[WD Proxy][39m Replacing sessionId 8233f3ec-7d15-40dd-904e-9d81858a2695 with d28639df-8455-4f73-a2ea-ac7bcf5b8307
[35m[HTTP][39m [37m<-- GET /wd/hub/session/d28639df-8455-4f73-a2ea-ac7bcf5b8307/source [39m[32m200[39m [90m1218 ms - 19670[39m
[35m[HTTP][39m [90m[39m
[35m[HTTP][39m [37m-->[39m [37mGET[39m [37m/wd/hub/session/d28639df-8455-4f73-a2ea-ac7bcf5b8307/screenshot[39m
[35m[HTTP][39m [90m{}[39m
[35m[HTTP][39m [37m<-- GET /wd/hub/session/d28639df-8455-4f73-a2ea-ac7bcf5b8307/screenshot [39m[32m200[39m [90m4915 ms - 161616[39m
[35m[HTTP][39m [90m[39m
[35m[HTTP][39m [37m-->[39m [37mPOST[39m [37m/wd/hub/session/d28639df-8455-4f73-a2ea-ac7bcf5b8307/elements[39m
[35m[HTTP][39m [90m{"using":"xpath","value":"//*[@class = 'android.widget.Button' and (@text = '0' or . = '0') and @resource-id = 'com.google.android.calculator:id/digit_0']"}[39m
[35m[HTTP][39m [37m<-- POST /wd/hub/session/d28639df-8455-4f73-a2ea-ac7bcf5b8307/elements [39m[32m200[39m [90m1629 ms - 139[39m
[35m[HTTP][39m [90m[39m
[35m[HTTP][39m [37m-->[39m [37mGET[39m [37m/wd/hub/session/d28639df-8455-4f73-a2ea-ac7bcf5b8307/source[39m
[35m[HTTP][39m [90m{}[39m
[35m[W3C (d28639df)][39m Driver proxy active, passing request on via HTTP proxy
[35m[WD Proxy][39m Replacing sessionId 8233f3ec-7d15-40dd-904e-9d81858a2695 with d28639df-8455-4f73-a2ea-ac7bcf5b8307
[35m[HTTP][39m [37m<-- GET /wd/hub/session/d28639df-8455-4f73-a2ea-ac7bcf5b8307/source [39m[32m200[39m [90m1176 ms - 19671[39m
[35m[HTTP][39m [90m[39m
[35m[HTTP][39m [37m-->[39m [37mGET[39m [37m/wd/hub/session/d28639df-8455-4f73-a2ea-ac7bcf5b8307/screenshot[39m
[35m[HTTP][39m [90m{}[39m
[35m[HTTP][39m [37m<-- GET /wd/hub/session/d28639df-8455-4f73-a2ea-ac7bcf5b8307/screenshot [39m[32m200[39m [90m3208 ms - 162380[39m
[35m[HTTP][39m [90m[39m
[35m[HTTP][39m [37m-->[39m [37mPOST[39m [37m/wd/hub/session/d28639df-8455-4f73-a2ea-ac7bcf5b8307/elements[39m
[35m[HTTP][39m [90m{"using":"xpath","value":"//*[@class = 'android.widget.Button' and (@text = '+' or . = '+') and @resource-id = 'com.google.android.calculator:id/op_add']"}[39m
[35m[HTTP][39m [37m<-- POST /wd/hub/session/d28639df-8455-4f73-a2ea-ac7bcf5b8307/elements [39m[32m200[39m [90m1339 ms - 139[39m
[35m[HTTP][39m [90m[39m
[35m[HTTP][39m [37m-->[39m [37mGET[39m [37m/wd/hub/session/d28639df-8455-4f73-a2ea-ac7bcf5b8307/source[39m
[35m[HTTP][39m [90m{}[39m
[35m[W3C (d28639df)][39m Driver proxy active, passing request on via HTTP proxy
[35m[WD Proxy][39m Replacing sessionId 8233f3ec-7d15-40dd-904e-9d81858a2695 with d28639df-8455-4f73-a2ea-ac7bcf5b8307
[35m[HTTP][39m [37m<-- GET /wd/hub/session/d28639df-8455-4f73-a2ea-ac7bcf5b8307/source [39m[32m200[39m [90m1419 ms - 19672[39m
[35m[HTTP][39m [90m[39m
[35m[HTTP][39m [37m-->[39m [37mGET[39m [37m/wd/hub/session/d28639df-8455-4f73-a2ea-ac7bcf5b8307/screenshot[39m
[35m[HTTP][39m [90m{}[39m
[35m[HTTP][39m [37m<-- GET /wd/hub/session/d28639df-8455-4f73-a2ea-ac7bcf5b8307/screenshot [39m[32m200[39m [90m3644 ms - 163288[39m
[35m[HTTP][39m [90m[39m
[35m[HTTP][39m [37m-->[39m [37mPOST[39m [37m/wd/hub/session/d28639df-8455-4f73-a2ea-ac7bcf5b8307/elements[39m
[35m[HTTP][39m [90m{"using":"xpath","value":"//*[@class = 'android.widget.Button' and (@text = '2' or . = '2') and @resource-id = 'com.google.android.calculator:id/digit_2']"}[39m
[35m[HTTP][39m [37m<-- POST /wd/hub/session/d28639df-8455-4f73-a2ea-ac7bcf5b8307/elements [39m[32m200[39m [90m1403 ms - 139[39m
[35m[HTTP][39m [90m[39m
[35m[HTTP][39m [37m-->[39m [37mGET[39m [37m/wd/hub/session/d28639df-8455-4f73-a2ea-ac7bcf5b8307/source[39m
[35m[HTTP][39m [90m{}[39m
[35m[W3C (d28639df)][39m Driver proxy active, passing request on via HTTP proxy
[35m[WD Proxy][39m Replacing sessionId 8233f3ec-7d15-40dd-904e-9d81858a2695 with d28639df-8455-4f73-a2ea-ac7bcf5b8307
[35m[HTTP][39m [37m<-- GET /wd/hub/session/d28639df-8455-4f73-a2ea-ac7bcf5b8307/source [39m[32m200[39m [90m1069 ms - 19650[39m
[35m[HTTP][39m [90m[39m
[35m[HTTP][39m [37m-->[39m [37mGET[39m [37m/wd/hub/session/d28639df-8455-4f73-a2ea-ac7bcf5b8307/screenshot[39m
[35m[HTTP][39m [90m{}[39m
[35m[HTTP][39m [37m<-- GET /wd/hub/session/d28639df-8455-4f73-a2ea-ac7bcf5b8307/screenshot [39m[32m200[39m [90m3287 ms - 178576[39m
[35m[HTTP][39m [90m[39m
[35m[HTTP][39m [37m-->[39m [37mPOST[39m [37m/wd/hub/session/d28639df-8455-4f73-a2ea-ac7bcf5b8307/elements[39m
[35m[HTTP][39m [90m{"using":"xpath","value":"//*[@class = 'android.widget.Button' and (@text = '=' or . = '=') and @resource-id = 'com.google.android.calculator:id/eq']"}[39m
[35m[HTTP][39m [37m<-- POST /wd/hub/session/d28639df-8455-4f73-a2ea-ac7bcf5b8307/elements [39m[32m200[39m [90m1574 ms - 139[39m
[35m[HTTP][39m [90m[39m
[35m[HTTP][39m [37m-->[39m [37mDELETE[39m [37m/wd/hub/session/d28639df-8455-4f73-a2ea-ac7bcf5b8307[39m
[35m[HTTP][39m [90m{}[39m
[35m[Appium][39m Removing session d28639df-8455-4f73-a2ea-ac7bcf5b8307 from our master session list
[35m[UiAutomator2][39m Restoring hidden api policy to the device default configuration
[35m[HTTP][39m [37m-->[39m [37mDELETE[39m [37m/wd/hub/session/d28639df-8455-4f73-a2ea-ac7bcf5b8307[39m
[35m[HTTP][39m [90m{}[39m
[35m[HTTP][39m [37m<-- DELETE /wd/hub/session/d28639df-8455-4f73-a2ea-ac7bcf5b8307 [39m[33m404[39m [90m130 ms - 2380[39m
[35m[HTTP][39m [90m[39m
[35m[HTTP][39m [37m<-- DELETE /wd/hub/session/d28639df-8455-4f73-a2ea-ac7bcf5b8307 [39m[32m200[39m [90m4478 ms - 14[39m
[35m[HTTP][39m [90m[39m
